2026-05-03 15:35:52,281 - INFO - === Starting Recomart Pipeline ===
2026-05-03 15:35:52,281 - INFO - 
--- Running step: ingest ---
2026-05-03 15:35:52,785 - INFO - Starting ingestion...
2026-05-03 15:35:52,799 - INFO - Ingestion complete: data/raw/interactions\20260503_1535_interactions.csv
2026-05-03 15:35:52,799 - INFO - Step 'ingest' completed in 0.52s
2026-05-03 15:35:52,799 - INFO - 
--- Running step: validate ---
2026-05-03 15:35:52,859 - INFO - Starting validation...
2026-05-03 15:35:52,881 - INFO - Validation complete: 292 rows
2026-05-03 15:35:52,881 - INFO - Step 'validate' completed in 0.08s
2026-05-03 15:35:52,881 - INFO - 
--- Running step: prepare ---
2026-05-03 15:35:53,569 - INFO - Starting preparation...
2026-05-03 15:35:55,013 - INFO - Preparation complete: 292 rows
2026-05-03 15:35:55,013 - INFO - Step 'prepare' completed in 2.13s
2026-05-03 15:35:55,013 - INFO - 
--- Running step: feature_store ---
2026-05-03 15:35:55,049 - INFO - Starting feature store...
2026-05-03 15:35:55,137 - INFO - Feature store complete
2026-05-03 15:35:55,137 - INFO - Step 'feature_store' completed in 0.12s
2026-05-03 15:35:55,137 - INFO - 
--- Running step: train ---
2026-05-03 15:35:56,697 - INFO - Starting training...
2026-05-03 15:36:01,166 - INFO - Training complete
2026-05-03 15:36:01,166 - INFO - Step 'train' completed in 6.03s
2026-05-03 15:36:01,167 - INFO - === Pipeline completed successfully ===
2026-05-03 15:37:33,843 - INFO - === Starting Recomart Pipeline ===
2026-05-03 15:37:33,843 - INFO - 
--- Running step: ingest ---
2026-05-03 15:37:34,293 - INFO - Starting ingestion...
2026-05-03 15:37:34,297 - INFO - Ingestion complete: data/raw/interactions\20260503_1537_interactions.csv
2026-05-03 15:37:34,297 - INFO - Step 'ingest' completed in 0.45s
2026-05-03 15:37:34,297 - INFO - 
--- Running step: validate ---
2026-05-03 15:37:34,344 - INFO - Starting validation...
2026-05-03 15:37:34,352 - INFO - Validation complete: 292 rows
2026-05-03 15:37:34,352 - INFO - Step 'validate' completed in 0.06s
2026-05-03 15:37:34,352 - INFO - 
--- Running step: prepare ---
2026-05-03 15:37:35,043 - INFO - Starting preparation...
2026-05-03 15:37:36,100 - INFO - Preparation complete: 292 rows
2026-05-03 15:37:36,100 - INFO - Step 'prepare' completed in 1.75s
2026-05-03 15:37:36,101 - INFO - 
--- Running step: feature_store ---
2026-05-03 15:37:36,103 - INFO - Starting feature store...
2026-05-03 15:37:36,163 - INFO - Feature store complete
2026-05-03 15:37:36,163 - INFO - Step 'feature_store' completed in 0.06s
2026-05-03 15:37:36,163 - INFO - 
--- Running step: train ---
2026-05-03 15:37:37,295 - INFO - Starting training...
2026-05-03 15:37:41,431 - INFO - Training complete
2026-05-03 15:37:41,431 - INFO - Step 'train' completed in 5.27s
2026-05-03 15:37:41,431 - INFO - === Pipeline completed successfully ===
2026-05-03 15:40:42,504 - INFO - === Starting Recomart Pipeline ===
2026-05-03 15:40:42,504 - INFO - 
--- Running step: ingest ---
2026-05-03 15:40:42,962 - INFO - Starting ingestion...
2026-05-03 15:40:42,966 - INFO - Ingestion complete: data/raw/interactions\sample_interactions.csv
2026-05-03 15:40:42,966 - INFO - Step 'ingest' completed in 0.46s
2026-05-03 15:40:42,966 - INFO - 
--- Running step: validate ---
2026-05-03 15:40:43,022 - INFO - Starting validation...
2026-05-03 15:40:43,029 - INFO - Validation complete: 292 rows
2026-05-03 15:40:43,029 - INFO - Step 'validate' completed in 0.06s
2026-05-03 15:40:43,029 - INFO - 
--- Running step: prepare ---
2026-05-03 15:40:43,723 - INFO - Starting preparation...
2026-05-03 15:40:44,770 - INFO - Preparation complete: 292 rows
2026-05-03 15:40:44,770 - INFO - Step 'prepare' completed in 1.74s
2026-05-03 15:40:44,770 - INFO - 
--- Running step: feature_store ---
2026-05-03 15:40:44,774 - INFO - Starting feature store...
2026-05-03 15:40:44,809 - INFO - Feature store complete
2026-05-03 15:40:44,809 - INFO - Step 'feature_store' completed in 0.04s
2026-05-03 15:40:44,810 - INFO - 
--- Running step: train ---
2026-05-03 15:40:45,938 - INFO - Starting training...
2026-05-03 15:40:50,074 - INFO - Training complete
2026-05-03 15:40:50,074 - INFO - Step 'train' completed in 5.26s
2026-05-03 15:40:50,074 - INFO - === Pipeline completed successfully ===
2026-05-03 15:41:18,051 - INFO - === Starting Recomart Pipeline ===
2026-05-03 15:41:18,051 - INFO - 
--- Running step: ingest ---
2026-05-03 15:41:18,480 - INFO - Starting ingestion...
2026-05-03 15:41:18,483 - INFO - Ingestion complete: data/raw/interactions\sample_interactions.csv
2026-05-03 15:41:18,483 - INFO - Step 'ingest' completed in 0.43s
2026-05-03 15:41:18,484 - INFO - 
--- Running step: validate ---
2026-05-03 15:41:18,527 - INFO - Starting validation...
2026-05-03 15:41:18,534 - INFO - Validation complete: 292 rows
2026-05-03 15:41:18,534 - INFO - Step 'validate' completed in 0.05s
2026-05-03 15:41:18,534 - INFO - 
--- Running step: prepare ---
2026-05-03 15:41:19,191 - INFO - Starting preparation...
2026-05-03 15:41:20,080 - INFO - Preparation complete: 292 rows
2026-05-03 15:41:20,080 - INFO - Step 'prepare' completed in 1.55s
2026-05-03 15:41:20,080 - INFO - 
--- Running step: feature_store ---
2026-05-03 15:41:20,087 - INFO - Starting feature store...
2026-05-03 15:41:20,200 - INFO - Feature store complete
2026-05-03 15:41:20,200 - INFO - Step 'feature_store' completed in 0.12s
2026-05-03 15:41:20,200 - INFO - 
--- Running step: train ---
2026-05-03 15:41:21,469 - INFO - Starting training...
2026-05-03 15:41:25,800 - INFO - Training complete
2026-05-03 15:41:25,800 - INFO - Step 'train' completed in 5.60s
2026-05-03 15:41:25,800 - INFO - === Pipeline completed successfully ===
2026-05-03 15:45:29,658 - INFO - === Starting Recomart Pipeline ===
2026-05-03 15:45:29,658 - INFO - 
--- Running step: ingest ---
2026-05-03 15:45:30,117 - INFO - Starting ingestion...
2026-05-03 15:45:30,122 - INFO - Ingestion complete: data/raw/interactions\sample_interactions.csv
2026-05-03 15:45:30,122 - INFO - Step 'ingest' completed in 0.46s
2026-05-03 15:45:30,122 - INFO - 
--- Running step: validate ---
2026-05-03 15:45:30,170 - INFO - Starting validation...
2026-05-03 15:45:30,178 - INFO - Validation complete: 292 rows
2026-05-03 15:45:30,178 - INFO - Step 'validate' completed in 0.06s
2026-05-03 15:45:30,178 - INFO - 
--- Running step: prepare ---
2026-05-03 15:45:30,854 - INFO - Starting preparation...
2026-05-03 15:45:31,794 - INFO - Preparation complete: 292 rows
2026-05-03 15:45:31,794 - INFO - Step 'prepare' completed in 1.62s
2026-05-03 15:45:31,794 - INFO - 
--- Running step: feature_store ---
2026-05-03 15:45:31,799 - INFO - Starting feature store...
2026-05-03 15:45:31,846 - INFO - Feature store complete
2026-05-03 15:45:31,847 - INFO - Step 'feature_store' completed in 0.05s
2026-05-03 15:45:31,847 - INFO - 
--- Running step: train ---
2026-05-03 15:45:33,040 - INFO - Starting training...
2026-05-03 15:45:37,269 - INFO - Training complete
2026-05-03 15:45:37,269 - INFO - Step 'train' completed in 5.42s
2026-05-03 15:45:37,270 - INFO - === Pipeline completed successfully ===
2026-05-03 15:49:10,184 - INFO - === Starting Recomart Pipeline ===
2026-05-03 15:49:10,185 - INFO - 
--- Running step: ingest ---
2026-05-03 15:49:10,661 - INFO - Starting ingestion...
2026-05-03 15:49:10,665 - INFO - Ingestion complete: data/raw/interactions\sample_interactions.csv
2026-05-03 15:49:10,665 - INFO - Step 'ingest' completed in 0.48s
2026-05-03 15:49:10,665 - INFO - 
--- Running step: validate ---
2026-05-03 15:49:10,714 - INFO - Starting validation...
2026-05-03 15:49:10,721 - INFO - Validation complete: 292 rows
2026-05-03 15:49:10,721 - INFO - Step 'validate' completed in 0.06s
2026-05-03 15:49:10,721 - INFO - 
--- Running step: prepare ---
2026-05-03 15:49:11,386 - INFO - Starting preparation...
2026-05-03 15:49:12,288 - INFO - Preparation complete: 292 rows
2026-05-03 15:49:12,288 - INFO - Step 'prepare' completed in 1.57s
2026-05-03 15:49:12,288 - INFO - 
--- Running step: feature_store ---
2026-05-03 15:49:12,294 - INFO - Starting feature store...
2026-05-03 15:49:12,349 - INFO - Feature store complete
2026-05-03 15:49:12,349 - INFO - Step 'feature_store' completed in 0.06s
2026-05-03 15:49:12,349 - INFO - 
--- Running step: train ---
2026-05-03 15:49:13,461 - INFO - Starting training...
2026-05-03 15:49:13,461 - ERROR - Step 'train' FAILED
Traceback (most recent call last):
  File "C:\Users\hp\Desktop\BITS\Semester 2\Data Management for ML\Assignment\recomart_pipeline.py", line 131, in run_pipeline
    step_func()
  File "C:\Users\hp\Desktop\BITS\Semester 2\Data Management for ML\Assignment\recomart_pipeline.py", line 101, in run_train_model
    trainer = RecommenderTrainer(tracking_uri=tracking_uri)
              ^^^^^^^^^^^^^^^^^^^^^^^^^^^^^^^^^^^^^^^^^^^^^
TypeError: RecommenderTrainer.__init__() got an unexpected keyword argument 'tracking_uri'
2026-05-03 15:49:13,462 - INFO - Pipeline stopped due to failure.
2026-05-03 15:51:14,111 - INFO - === Starting Recomart Pipeline ===
2026-05-03 15:51:14,111 - INFO - 
--- Running step: ingest ---
2026-05-03 15:51:14,566 - INFO - Starting ingestion...
2026-05-03 15:51:14,570 - INFO - Ingestion complete: data/raw/interactions\sample_interactions.csv
2026-05-03 15:51:14,570 - INFO - Step 'ingest' completed in 0.46s
2026-05-03 15:51:14,570 - INFO - 
--- Running step: validate ---
2026-05-03 15:51:14,620 - INFO - Starting validation...
2026-05-03 15:51:14,627 - INFO - Validation complete: 292 rows
2026-05-03 15:51:14,628 - INFO - Step 'validate' completed in 0.06s
2026-05-03 15:51:14,628 - INFO - 
--- Running step: prepare ---
2026-05-03 15:51:15,305 - INFO - Starting preparation...
2026-05-03 15:51:16,379 - INFO - Preparation complete: 292 rows
2026-05-03 15:51:16,379 - INFO - Step 'prepare' completed in 1.75s
2026-05-03 15:51:16,379 - INFO - 
--- Running step: feature_store ---
2026-05-03 15:51:16,382 - INFO - Starting feature store...
2026-05-03 15:51:16,419 - INFO - Feature store complete
2026-05-03 15:51:16,419 - INFO - Step 'feature_store' completed in 0.04s
2026-05-03 15:51:16,419 - INFO - 
--- Running step: train ---
2026-05-03 15:51:17,636 - INFO - Starting training...
2026-05-03 15:51:22,819 - INFO - Training complete
2026-05-03 15:51:22,819 - INFO - Step 'train' completed in 6.40s
2026-05-03 15:51:22,819 - INFO - === Pipeline completed successfully ===
2026-05-03 16:00:13,233 - INFO - === Starting Recomart Pipeline ===
2026-05-03 16:00:13,233 - INFO - 
--- Running step: ingest ---
2026-05-03 16:00:14,087 - INFO - Starting ingestion...
2026-05-03 16:00:14,103 - INFO - Ingestion complete: data/raw/interactions\sample_interactions.csv
2026-05-03 16:00:14,103 - INFO - Step 'ingest' completed in 0.87s
2026-05-03 16:00:14,103 - INFO - 
--- Running step: validate ---
2026-05-03 16:00:14,244 - INFO - Starting validation...
2026-05-03 16:00:14,303 - INFO - Validation complete: 292 rows
2026-05-03 16:00:14,304 - INFO - Step 'validate' completed in 0.20s
2026-05-03 16:00:14,304 - INFO - 
--- Running step: prepare ---
2026-05-03 16:00:15,813 - INFO - Starting preparation...
2026-05-03 16:00:16,966 - INFO - Preparation complete: 292 rows
2026-05-03 16:00:16,966 - INFO - Step 'prepare' completed in 2.66s
2026-05-03 16:00:16,967 - INFO - 
--- Running step: feature_store ---
2026-05-03 16:00:16,972 - INFO - Starting feature store...
2026-05-03 16:00:17,044 - INFO - Feature store complete
2026-05-03 16:00:17,044 - INFO - Step 'feature_store' completed in 0.08s
2026-05-03 16:00:17,044 - INFO - 
--- Running step: train ---
2026-05-03 16:00:18,891 - INFO - Starting training...
2026-05-03 16:00:24,450 - INFO - Training complete
2026-05-03 16:00:24,450 - INFO - Step 'train' completed in 7.41s
2026-05-03 16:00:24,450 - INFO - === Pipeline completed successfully ===
2026-05-03 16:07:49,949 - INFO - === Starting Recomart Pipeline ===
2026-05-03 16:07:49,949 - INFO - 
--- Running step: ingest ---
2026-05-03 16:07:50,397 - INFO - Starting ingestion...
2026-05-03 16:07:50,401 - INFO - Ingestion complete: data/raw/interactions\sample_interactions.csv
2026-05-03 16:07:50,401 - INFO - Step 'ingest' completed in 0.45s
2026-05-03 16:07:50,401 - INFO - 
--- Running step: validate ---
2026-05-03 16:07:50,451 - INFO - Starting validation...
2026-05-03 16:07:50,458 - INFO - Validation complete: 292 rows
2026-05-03 16:07:50,459 - INFO - Step 'validate' completed in 0.06s
2026-05-03 16:07:50,459 - INFO - 
--- Running step: prepare ---
2026-05-03 16:07:51,141 - INFO - Starting preparation...
2026-05-03 16:07:52,006 - INFO - Preparation complete: 292 rows
2026-05-03 16:07:52,023 - INFO - Step 'prepare' completed in 1.56s
2026-05-03 16:07:52,024 - INFO - 
--- Running step: feature_store ---
2026-05-03 16:07:52,032 - INFO - Starting feature store...
2026-05-03 16:07:52,132 - INFO - Feature store complete
2026-05-03 16:07:52,132 - INFO - Step 'feature_store' completed in 0.11s
2026-05-03 16:07:52,132 - INFO - 
--- Running step: train ---
2026-05-03 16:07:53,344 - INFO - Starting training...
2026-05-03 16:07:57,589 - INFO - Training complete
2026-05-03 16:07:57,589 - INFO - Step 'train' completed in 5.46s
2026-05-03 16:07:57,589 - INFO - === Pipeline completed successfully ===
2026-05-03 16:45:21,192 - INFO - === Starting Recomart Pipeline ===
2026-05-03 16:45:21,193 - INFO - 
--- Running step: ingest ---
2026-05-03 16:45:21,685 - INFO - Starting ingestion...
2026-05-03 16:45:21,704 - INFO - Ingestion complete: data/raw/interactions\sample_interactions.csv
2026-05-03 16:45:21,704 - INFO - Step 'ingest' completed in 0.51s
2026-05-03 16:45:21,704 - INFO - 
--- Running step: validate ---
2026-05-03 16:45:21,777 - INFO - Starting validation...
2026-05-03 16:45:21,805 - INFO - Validation complete: 292 rows
2026-05-03 16:45:21,805 - INFO - Step 'validate' completed in 0.10s
2026-05-03 16:45:21,805 - INFO - 
--- Running step: prepare ---
2026-05-03 16:45:23,182 - INFO - Starting preparation...
2026-05-03 16:45:24,585 - INFO - Preparation complete: 292 rows
2026-05-03 16:45:24,585 - INFO - Step 'prepare' completed in 2.78s
2026-05-03 16:45:24,585 - INFO - 
--- Running step: feature_store ---
2026-05-03 16:45:24,590 - INFO - Starting feature store...
2026-05-03 16:45:24,655 - INFO - Feature store complete
2026-05-03 16:45:24,655 - INFO - Step 'feature_store' completed in 0.07s
2026-05-03 16:45:24,655 - INFO - 
--- Running step: train ---
2026-05-03 16:45:26,213 - INFO - Starting training...
2026-05-03 16:45:32,060 - INFO - Training complete
2026-05-03 16:45:32,060 - INFO - Step 'train' completed in 7.40s
2026-05-03 16:45:32,061 - INFO - === Pipeline completed successfully ===
